<?xml version="1.0" encoding="UTF-8"?>
<testsuite name="com.sim.completablefuture.CompletablefutureApplicationTests" tests="1" skipped="0" failures="0" errors="0" timestamp="2023-07-06T06:49:48" hostname="simgyumin-ui-MacBookPro.local" time="0.373">
  <properties/>
  <testcase name="contextLoads()" classname="com.sim.completablefuture.CompletablefutureApplicationTests" time="0.373"/>
  <system-out><![CDATA[15:49:47.158 [Test worker] INFO org.springframework.test.context.support.AnnotationConfigContextLoaderUtils -- Could not detect default configuration classes for test class [com.sim.completablefuture.CompletablefutureApplicationTests]: CompletablefutureApplicationTests does not declare any static, non-private, non-final, nested classes annotated with @Configuration.
15:49:47.202 [Test worker] INFO org.springframework.boot.test.context.SpringBootTestContextBootstrapper -- Found @SpringBootConfiguration com.sim.completablefuture.CompletablefutureApplication for test class com.sim.completablefuture.CompletablefutureApplicationTests

  .   ____          _            __ _ _
 /\\ / ___'_ __ _ _(_)_ __  __ _ \ \ \ \
( ( )\___ | '_ | '_| | '_ \/ _` | \ \ \ \
 \\/  ___)| |_)| | | | | || (_| |  ) ) ) )
  '  |____| .__|_| |_|_| |_\__, | / / / /
 =========|_|==============|___/=/_/_/_/
 :: Spring Boot ::                (v3.1.1)

2023-07-06T15:49:47.595+09:00  INFO 25342 --- [    Test worker] c.s.c.CompletablefutureApplicationTests  : Starting CompletablefutureApplicationTests using Java 17.0.7 with PID 25342 (started by simgyumin in /Users/simgyumin/Desktop/my-projects/ReactiveProgramming/completablefuture)
2023-07-06T15:49:47.596+09:00  INFO 25342 --- [    Test worker] c.s.c.CompletablefutureApplicationTests  : No active profile set, falling back to 1 default profile: "default"
2023-07-06T15:49:48.217+09:00  WARN 25342 --- [    Test worker] o.s.b.a.m.MustacheAutoConfiguration      : Cannot find template location: classpath:/templates/ (please add some templates, check your Mustache configuration, or set spring.mustache.check-template-location=false)
2023-07-06T15:49:48.298+09:00  INFO 25342 --- [    Test worker] o.s.b.a.e.web.EndpointLinksResolver      : Exposing 1 endpoint(s) beneath base path '/actuator'
2023-07-06T15:49:48.448+09:00  INFO 25342 --- [    Test worker] c.s.c.CompletablefutureApplicationTests  : Started CompletablefutureApplicationTests in 1.183 seconds (process running for 1.666)
]]></system-out>
  <system-err><![CDATA[]]></system-err>
</testsuite>
