<?xml version="1.0" encoding="UTF-8"?>
<testsuite name="com.sim.completablefuture.future.UserNonBlockingServiceTest" tests="2" skipped="0" failures="0" errors="0" timestamp="2023-07-06T06:49:53" hostname="simgyumin-ui-MacBookPro.local" time="3.023">
  <properties/>
  <testcase name="testGetUser()" classname="com.sim.completablefuture.future.UserNonBlockingServiceTest" time="2.017"/>
  <testcase name="getUserEmptyIfInvalidUserIdIsGiven()" classname="com.sim.completablefuture.future.UserNonBlockingServiceTest" time="1.005"/>
  <system-out><![CDATA[2023-07-06T15:49:53.883+09:00  INFO 25342 --- [onPool-worker-1] c.s.c.f.repository.UserFutureRepository  : UserRepository.findById: 1234
2023-07-06T15:49:54.890+09:00  INFO 25342 --- [onPool-worker-2] c.s.c.f.r.ImageFutureRepository          : ImageRepository.findById: image#1000
2023-07-06T15:49:54.890+09:00  INFO 25342 --- [onPool-worker-3] c.s.c.f.r.ArticleFutureRepository        : ArticleRepository.findAllByUserId: 1234
2023-07-06T15:49:54.891+09:00  INFO 25342 --- [onPool-worker-4] c.s.c.f.r.FollowFutureRepository         : FollowRepository.countByUserId: 1234
2023-07-06T15:49:55.898+09:00  INFO 25342 --- [onPool-worker-4] c.s.c.f.repository.UserFutureRepository  : UserRepository.findById: invalid_user_id
]]></system-out>
  <system-err><![CDATA[]]></system-err>
</testsuite>
